This is TeX, Version 3.1415926 (TeX Live 2013/Debian) (format=tex 2014.4.18)  16 AUG 2014 23:07
**adjustbox.ins
(./adjustbox.ins (/home/lowagner/texmf/tex/latex/ydoc/ydocstrip.tex
(/usr/share/texlive/texmf-dist/tex/latex/base/docstrip.tex
\blockLevel=\count26
\emptyLines=\count27
\processedLines=\count28
\commentsRemoved=\count29
\commentsPassed=\count30
\codeLinesPassed=\count31
\TotalprocessedLines=\count32
\TotalcommentsRemoved=\count33
\TotalcommentsPassed=\count34
\TotalcodeLinesPassed=\count35
\NumberOfFiles=\count36
\inFile=\read0
\inputcheck=\read1
\@tempcnta=\count37
\off@0=\count38
\off@1=\count39
\off@2=\count40
\off@3=\count41
\off@4=\count42
\off@5=\count43
\off@6=\count44
\off@7=\count45
\off@8=\count46
\off@9=\count47
\off@10=\count48
\off@11=\count49
\off@12=\count50
\off@13=\count51
\off@14=\count52
\off@15=\count53
\@temptokena=\toks12
\@maxfiles=\count54
\@maxoutfiles=\count55

Utility: `docstrip' 2.5d <2005/07/29>
English documentation    <1999/03/31>

**********************************************************
* This program converts documented macro-files into fast *
* loadable files by stripping off (nearly) all comments! *
**********************************************************

********************************************************
* No Configuration file found, using default settings. *
********************************************************

))

Generating file(s) adjustbox.sty adjcalc.sty trimclip.sty tc-pgf.def tc-pdftex.
def tc-dvips.def tc-xetex.def box.tex compare.tex margin2.tex margin.tex trim2.
tex trim3.tex trim.tex viewport2.tex viewport.tex 
\openout0 = `adjustbox.sty'.


Processing file adjustbox.dtx (adjustbox.sty) -> adjustbox.sty
Lines  processed: 4214
Comments removed: 2875
Comments  passed: 1
Codelines passed: 1326

\openout0 = `adjcalc.sty'.


Processing file adjcalc.dtx (adjcalc.sty) -> adjcalc.sty
Lines  processed: 389
Comments removed: 224
Comments  passed: 0
Codelines passed: 153

\openout0 = `trimclip.sty'.

\openout1 = `tc-pgf.def'.

\openout2 = `tc-pdftex.def'.

\openout3 = `tc-dvips.def'.

\openout4 = `tc-xetex.def'.

\openout5 = `box.tex'.

\openout6 = `compare.tex'.

\openout7 = `margin2.tex'.

\openout8 = `margin.tex'.

\openout9 = `trim2.tex'.

\openout10 = `trim3.tex'.

\openout11 = `trim.tex'.

\openout12 = `viewport2.tex'.

\openout13 = `viewport.tex'.


Processing file trimclip.dtx (trimclip.sty) -> trimclip.sty
                             (tc-pgf.def) -> tc-pgf.def
                             (tc-pdftex.def) -> tc-pdftex.def
                             (tc-dvips.def) -> tc-dvips.def
                             (tc-xetex.def) -> tc-xetex.def
                             (box.tex) -> box.tex
                             (compare.tex) -> compare.tex
                             (margin2.tex) -> margin2.tex
                             (margin.tex) -> margin.tex
                             (trim2.tex) -> trim2.tex
                             (trim3.tex) -> trim3.tex
                             (trim.tex) -> trim.tex
                             (viewport2.tex) -> viewport2.tex
                             (viewport.tex) -> viewport.tex
Lines  processed: 1919
Comments removed: 806
Comments  passed: 0
Codelines passed: 1039

Overall statistics:
Files  processed: 3
Lines  processed: 6522
Comments removed: 3905
Comments  passed: 1
Codelines passed: 2518
 )
No pages of output.
